-------------------------------------------------------------------------------
Test set: test.java.com.wagmi.finance.history.OperationStackTest
-------------------------------------------------------------------------------
Tests run: 9, Failures: 0, Errors: 1, Skipped: 0, Time elapsed: 0.041 s <<< FAILURE! -- in test.java.com.wagmi.finance.history.OperationStackTest
test.java.com.wagmi.finance.history.OperationStackTest.stack_zero_capacity -- Time elapsed: 0.002 s <<< ERROR!
java.lang.IllegalArgumentException: Stack capacity must be more than zero.
	at main.java.com.wagmi.finance.history.OperationStack.<init>(OperationStack.java:17)
	at test.java.com.wagmi.finance.history.OperationStackTest.stack_zero_capacity(OperationStackTest.java:109)
	at java.base/java.lang.reflect.Method.invoke(Method.java:565)
	at java.base/java.util.ArrayList.forEach(ArrayList.java:1604)
	at java.base/java.util.ArrayList.forEach(ArrayList.java:1604)

