-------------------------------------------------------------------------------
Test set: test.java.com.wagmi.finance.ds.DoublyLinkedTransactionsTest
-------------------------------------------------------------------------------
Tests run: 15, Failures: 0, Errors: 15, Skipped: 0, Time elapsed: 0.058 s <<< FAILURE! -- in test.java.com.wagmi.finance.ds.DoublyLinkedTransactionsTest
test.java.com.wagmi.finance.ds.DoublyLinkedTransactionsTest.reverse_inverts_order -- Time elapsed: 0.004 s <<< ERROR!
java.lang.UnsupportedOperationException: Not implemented
	at test.java.com.wagmi.finance.ds.DoublyLinkedTransactionsTest.reverse_inverts_order(DoublyLinkedTransactionsTest.java:59)

test.java.com.wagmi.finance.ds.DoublyLinkedTransactionsTest.add_increases_size_and_toArray_contains_items_in_order -- Time elapsed: 0.003 s <<< ERROR!
java.lang.UnsupportedOperationException: Not implemented
	at test.java.com.wagmi.finance.ds.DoublyLinkedTransactionsTest.add_increases_size_and_toArray_contains_items_in_order(DoublyLinkedTransactionsTest.java:28)

test.java.com.wagmi.finance.ds.DoublyLinkedTransactionsTest.deleteById_removes_node_and_updates_size -- Time elapsed: 0.004 s <<< ERROR!
java.lang.UnsupportedOperationException: Not implemented
	at test.java.com.wagmi.finance.ds.DoublyLinkedTransactionsTest.deleteById_removes_node_and_updates_size(DoublyLinkedTransactionsTest.java:38)

test.java.com.wagmi.finance.ds.DoublyLinkedTransactionsTest.add_multiple_elements_maintains_order -- Time elapsed: 0.004 s <<< ERROR!
java.lang.UnsupportedOperationException: Not implemented
	at test.java.com.wagmi.finance.ds.DoublyLinkedTransactionsTest.add_multiple_elements_maintains_order(DoublyLinkedTransactionsTest.java:172)

test.java.com.wagmi.finance.ds.DoublyLinkedTransactionsTest.deleteById_with_null_id_returns_false -- Time elapsed: 0.006 s <<< ERROR!
java.lang.UnsupportedOperationException: Not implemented
	at test.java.com.wagmi.finance.ds.DoublyLinkedTransactionsTest.deleteById_with_null_id_returns_false(DoublyLinkedTransactionsTest.java:157)

test.java.com.wagmi.finance.ds.DoublyLinkedTransactionsTest.toArray_on_empty_returns_empty_array -- Time elapsed: 0.002 s <<< ERROR!
java.lang.UnsupportedOperationException: Not implemented
	at test.java.com.wagmi.finance.ds.DoublyLinkedTransactionsTest.toArray_on_empty_returns_empty_array(DoublyLinkedTransactionsTest.java:71)

test.java.com.wagmi.finance.ds.DoublyLinkedTransactionsTest.reverse_single_element_does_nothing -- Time elapsed: 0.001 s <<< ERROR!
java.lang.UnsupportedOperationException: Not implemented
	at test.java.com.wagmi.finance.ds.DoublyLinkedTransactionsTest.reverse_single_element_does_nothing(DoublyLinkedTransactionsTest.java:129)

test.java.com.wagmi.finance.ds.DoublyLinkedTransactionsTest.deleteById_from_head_of_list -- Time elapsed: 0.001 s <<< ERROR!
java.lang.UnsupportedOperationException: Not implemented
	at test.java.com.wagmi.finance.ds.DoublyLinkedTransactionsTest.deleteById_from_head_of_list(DoublyLinkedTransactionsTest.java:97)

test.java.com.wagmi.finance.ds.DoublyLinkedTransactionsTest.findById_with_null_id_returns_null -- Time elapsed: 0.003 s <<< ERROR!
java.lang.UnsupportedOperationException: Not implemented
	at test.java.com.wagmi.finance.ds.DoublyLinkedTransactionsTest.findById_with_null_id_returns_null(DoublyLinkedTransactionsTest.java:151)

test.java.com.wagmi.finance.ds.DoublyLinkedTransactionsTest.deleteById_from_tail_of_list -- Time elapsed: 0.001 s <<< ERROR!
java.lang.UnsupportedOperationException: Not implemented
	at test.java.com.wagmi.finance.ds.DoublyLinkedTransactionsTest.deleteById_from_tail_of_list(DoublyLinkedTransactionsTest.java:109)

test.java.com.wagmi.finance.ds.DoublyLinkedTransactionsTest.reverse_empty_list_does_nothing -- Time elapsed: 0.001 s <<< ERROR!
java.lang.UnsupportedOperationException: Not implemented
	at test.java.com.wagmi.finance.ds.DoublyLinkedTransactionsTest.reverse_empty_list_does_nothing(DoublyLinkedTransactionsTest.java:121)

test.java.com.wagmi.finance.ds.DoublyLinkedTransactionsTest.deleteById_from_single_element_list -- Time elapsed: 0.002 s <<< ERROR!
java.lang.UnsupportedOperationException: Not implemented
	at test.java.com.wagmi.finance.ds.DoublyLinkedTransactionsTest.deleteById_from_single_element_list(DoublyLinkedTransactionsTest.java:89)

test.java.com.wagmi.finance.ds.DoublyLinkedTransactionsTest.add_single_element_works_correctly -- Time elapsed: 0.002 s <<< ERROR!
java.lang.UnsupportedOperationException: Not implemented
	at test.java.com.wagmi.finance.ds.DoublyLinkedTransactionsTest.add_single_element_works_correctly(DoublyLinkedTransactionsTest.java:79)

test.java.com.wagmi.finance.ds.DoublyLinkedTransactionsTest.findById_returns_correct_transaction_or_null -- Time elapsed: 0.001 s <<< ERROR!
java.lang.UnsupportedOperationException: Not implemented
	at test.java.com.wagmi.finance.ds.DoublyLinkedTransactionsTest.findById_returns_correct_transaction_or_null(DoublyLinkedTransactionsTest.java:51)

test.java.com.wagmi.finance.ds.DoublyLinkedTransactionsTest.reverse_twice_returns_to_original_order -- Time elapsed: 0.001 s <<< ERROR!
java.lang.UnsupportedOperationException: Not implemented
	at test.java.com.wagmi.finance.ds.DoublyLinkedTransactionsTest.reverse_twice_returns_to_original_order(DoublyLinkedTransactionsTest.java:138)

