<?xml version="1.0" encoding="UTF-8"?>
<testsuite xmlns:xsi="http://www.w3.org/2001/XMLSchema-instance" xsi:noNamespaceSchemaLocation="https://maven.apache.org/surefire/maven-surefire-plugin/xsd/surefire-test-report-3.0.xsd" version="3.0" name="test.java.com.wagmi.finance.ds.DoublyLinkedTransactionsTest" time="0.058" tests="15" errors="15" skipped="0" failures="0">
  <properties>
[...]
</properties>
  <testcase name="reverse_inverts_order" classname="test.java.com.wagmi.finance.ds.DoublyLinkedTransactionsTest" time="0.004">
    <error message="Not implemented" type="java.lang.UnsupportedOperationException"><![CDATA[java.lang.UnsupportedOperationException: Not implemented
	at test.java.com.wagmi.finance.ds.DoublyLinkedTransactionsTest.reverse_inverts_order(DoublyLinkedTransactionsTest.java:59)
]]></error>
  </testcase>
  <testcase name="add_increases_size_and_toArray_contains_items_in_order" classname="test.java.com.wagmi.finance.ds.DoublyLinkedTransactionsTest" time="0.003">
    <error message="Not implemented" type="java.lang.UnsupportedOperationException"><![CDATA[java.lang.UnsupportedOperationException: Not implemented
	at test.java.com.wagmi.finance.ds.DoublyLinkedTransactionsTest.add_increases_size_and_toArray_contains_items_in_order(DoublyLinkedTransactionsTest.java:28)
]]></error>
  </testcase>
  <testcase name="deleteById_removes_node_and_updates_size" classname="test.java.com.wagmi.finance.ds.DoublyLinkedTransactionsTest" time="0.004">
    <error message="Not implemented" type="java.lang.UnsupportedOperationException"><![CDATA[java.lang.UnsupportedOperationException: Not implemented
	at test.java.com.wagmi.finance.ds.DoublyLinkedTransactionsTest.deleteById_removes_node_and_updates_size(DoublyLinkedTransactionsTest.java:38)
]]></error>
  </testcase>
  <testcase name="add_multiple_elements_maintains_order" classname="test.java.com.wagmi.finance.ds.DoublyLinkedTransactionsTest" time="0.004">
    <error message="Not implemented" type="java.lang.UnsupportedOperationException"><![CDATA[java.lang.UnsupportedOperationException: Not implemented
	at test.java.com.wagmi.finance.ds.DoublyLinkedTransactionsTest.add_multiple_elements_maintains_order(DoublyLinkedTransactionsTest.java:172)
]]></error>
  </testcase>
  <testcase name="deleteById_with_null_id_returns_false" classname="test.java.com.wagmi.finance.ds.DoublyLinkedTransactionsTest" time="0.006">
    <error message="Not implemented" type="java.lang.UnsupportedOperationException"><![CDATA[java.lang.UnsupportedOperationException: Not implemented
	at test.java.com.wagmi.finance.ds.DoublyLinkedTransactionsTest.deleteById_with_null_id_returns_false(DoublyLinkedTransactionsTest.java:157)
]]></error>
  </testcase>
  <testcase name="toArray_on_empty_returns_empty_array" classname="test.java.com.wagmi.finance.ds.DoublyLinkedTransactionsTest" time="0.002">
    <error message="Not implemented" type="java.lang.UnsupportedOperationException"><![CDATA[java.lang.UnsupportedOperationException: Not implemented
	at test.java.com.wagmi.finance.ds.DoublyLinkedTransactionsTest.toArray_on_empty_returns_empty_array(DoublyLinkedTransactionsTest.java:71)
]]></error>
  </testcase>
  <testcase name="reverse_single_element_does_nothing" classname="test.java.com.wagmi.finance.ds.DoublyLinkedTransactionsTest" time="0.001">
    <error message="Not implemented" type="java.lang.UnsupportedOperationException"><![CDATA[java.lang.UnsupportedOperationException: Not implemented
	at test.java.com.wagmi.finance.ds.DoublyLinkedTransactionsTest.reverse_single_element_does_nothing(DoublyLinkedTransactionsTest.java:129)
]]></error>
  </testcase>
  <testcase name="deleteById_from_head_of_list" classname="test.java.com.wagmi.finance.ds.DoublyLinkedTransactionsTest" time="0.001">
    <error message="Not implemented" type="java.lang.UnsupportedOperationException"><![CDATA[java.lang.UnsupportedOperationException: Not implemented
	at test.java.com.wagmi.finance.ds.DoublyLinkedTransactionsTest.deleteById_from_head_of_list(DoublyLinkedTransactionsTest.java:97)
]]></error>
  </testcase>
  <testcase name="findById_with_null_id_returns_null" classname="test.java.com.wagmi.finance.ds.DoublyLinkedTransactionsTest" time="0.003">
    <error message="Not implemented" type="java.lang.UnsupportedOperationException"><![CDATA[java.lang.UnsupportedOperationException: Not implemented
	at test.java.com.wagmi.finance.ds.DoublyLinkedTransactionsTest.findById_with_null_id_returns_null(DoublyLinkedTransactionsTest.java:151)
]]></error>
  </testcase>
  <testcase name="deleteById_from_tail_of_list" classname="test.java.com.wagmi.finance.ds.DoublyLinkedTransactionsTest" time="0.001">
    <error message="Not implemented" type="java.lang.UnsupportedOperationException"><![CDATA[java.lang.UnsupportedOperationException: Not implemented
	at test.java.com.wagmi.finance.ds.DoublyLinkedTransactionsTest.deleteById_from_tail_of_list(DoublyLinkedTransactionsTest.java:109)
]]></error>
  </testcase>
  <testcase name="reverse_empty_list_does_nothing" classname="test.java.com.wagmi.finance.ds.DoublyLinkedTransactionsTest" time="0.001">
    <error message="Not implemented" type="java.lang.UnsupportedOperationException"><![CDATA[java.lang.UnsupportedOperationException: Not implemented
	at test.java.com.wagmi.finance.ds.DoublyLinkedTransactionsTest.reverse_empty_list_does_nothing(DoublyLinkedTransactionsTest.java:121)
]]></error>
  </testcase>
  <testcase name="deleteById_from_single_element_list" classname="test.java.com.wagmi.finance.ds.DoublyLinkedTransactionsTest" time="0.002">
    <error message="Not implemented" type="java.lang.UnsupportedOperationException"><![CDATA[java.lang.UnsupportedOperationException: Not implemented
	at test.java.com.wagmi.finance.ds.DoublyLinkedTransactionsTest.deleteById_from_single_element_list(DoublyLinkedTransactionsTest.java:89)
]]></error>
  </testcase>
  <testcase name="add_single_element_works_correctly" classname="test.java.com.wagmi.finance.ds.DoublyLinkedTransactionsTest" time="0.002">
    <error message="Not implemented" type="java.lang.UnsupportedOperationException"><![CDATA[java.lang.UnsupportedOperationException: Not implemented
	at test.java.com.wagmi.finance.ds.DoublyLinkedTransactionsTest.add_single_element_works_correctly(DoublyLinkedTransactionsTest.java:79)
]]></error>
  </testcase>
  <testcase name="findById_returns_correct_transaction_or_null" classname="test.java.com.wagmi.finance.ds.DoublyLinkedTransactionsTest" time="0.001">
    <error message="Not implemented" type="java.lang.UnsupportedOperationException"><![CDATA[java.lang.UnsupportedOperationException: Not implemented
	at test.java.com.wagmi.finance.ds.DoublyLinkedTransactionsTest.findById_returns_correct_transaction_or_null(DoublyLinkedTransactionsTest.java:51)
]]></error>
  </testcase>
  <testcase name="reverse_twice_returns_to_original_order" classname="test.java.com.wagmi.finance.ds.DoublyLinkedTransactionsTest" time="0.001">
    <error message="Not implemented" type="java.lang.UnsupportedOperationException"><![CDATA[java.lang.UnsupportedOperationException: Not implemented
	at test.java.com.wagmi.finance.ds.DoublyLinkedTransactionsTest.reverse_twice_returns_to_original_order(DoublyLinkedTransactionsTest.java:138)
]]></error>
  </testcase>
</testsuite>