-------------------------------------------------------------------------------
Test set: test.java.com.wagmi.finance.processing.PendingQueueTest
-------------------------------------------------------------------------------
Tests run: 10, Failures: 0, Errors: 8, Skipped: 0, Time elapsed: 0.034 s <<< FAILURE! -- in test.java.com.wagmi.finance.processing.PendingQueueTest
test.java.com.wagmi.finance.processing.PendingQueueTest.queue_circular_wrap_around -- Time elapsed: 0.002 s <<< ERROR!
java.lang.UnsupportedOperationException: Not implemented
	at test.java.com.wagmi.finance.processing.PendingQueueTest.queue_circular_wrap_around(PendingQueueTest.java:66)

test.java.com.wagmi.finance.processing.PendingQueueTest.queue_multiple_wrap_arounds -- Time elapsed: 0.001 s <<< ERROR!
java.lang.UnsupportedOperationException: Not implemented
	at test.java.com.wagmi.finance.processing.PendingQueueTest.queue_multiple_wrap_arounds(PendingQueueTest.java:82)

test.java.com.wagmi.finance.processing.PendingQueueTest.enqueue_dequeue_circular_behavior_and_overflow_underflow -- Time elapsed: 0.002 s <<< ERROR!
java.lang.UnsupportedOperationException: Not implemented
	at test.java.com.wagmi.finance.processing.PendingQueueTest.enqueue_dequeue_circular_behavior_and_overflow_underflow(PendingQueueTest.java:23)

test.java.com.wagmi.finance.processing.PendingQueueTest.queue_size_tracking -- Time elapsed: 0.001 s <<< ERROR!
java.lang.UnsupportedOperationException: Not implemented
	at test.java.com.wagmi.finance.processing.PendingQueueTest.queue_size_tracking(PendingQueueTest.java:98)

test.java.com.wagmi.finance.processing.PendingQueueTest.queue_enqueue_dequeue_alternating -- Time elapsed: 0.002 s <<< ERROR!
java.lang.UnsupportedOperationException: Not implemented
	at test.java.com.wagmi.finance.processing.PendingQueueTest.queue_enqueue_dequeue_alternating(PendingQueueTest.java:138)

test.java.com.wagmi.finance.processing.PendingQueueTest.queue_fifo_order -- Time elapsed: 0.002 s <<< ERROR!
java.lang.UnsupportedOperationException: Not implemented
	at test.java.com.wagmi.finance.processing.PendingQueueTest.queue_fifo_order(PendingQueueTest.java:53)

test.java.com.wagmi.finance.processing.PendingQueueTest.queue_with_capacity_one -- Time elapsed: 0.003 s <<< ERROR!
java.lang.UnsupportedOperationException: Not implemented
	at test.java.com.wagmi.finance.processing.PendingQueueTest.queue_with_capacity_one(PendingQueueTest.java:41)

test.java.com.wagmi.finance.processing.PendingQueueTest.queue_with_large_capacity -- Time elapsed: 0.004 s <<< ERROR!
java.lang.UnsupportedOperationException: Not implemented
	at test.java.com.wagmi.finance.processing.PendingQueueTest.queue_with_large_capacity(PendingQueueTest.java:124)

