<?xml version="1.0" encoding="UTF-8"?>
<testsuite xmlns:xsi="http://www.w3.org/2001/XMLSchema-instance" xsi:noNamespaceSchemaLocation="https://maven.apache.org/surefire/maven-surefire-plugin/xsd/surefire-test-report-3.0.xsd" version="3.0" name="test.java.com.wagmi.finance.ds.DoublyLinkedTransactionsTest" time="0.058" tests="15" errors="15" skipped="0" failures="0">
  <properties>
    <property name="java.specification.version" value="25"/>
    <property name="sun.cpu.isalist" value="amd64"/>
    <property name="sun.jnu.encoding" value="Cp1252"/>
    <property name="java.class.path" value="C:\Users\HP\wagmi-ds01-assignment-01\target\test-classes;C:\Users\HP\wagmi-ds01-assignment-01\target\classes;C:\Users\HP\.m2\repository\org\junit\jupiter\junit-jupiter\5.10.2\junit-jupiter-5.10.2.jar;C:\Users\HP\.m2\repository\org\junit\jupiter\junit-jupiter-api\5.10.2\junit-jupiter-api-5.10.2.jar;C:\Users\HP\.m2\repository\org\opentest4j\opentest4j\1.3.0\opentest4j-1.3.0.jar;C:\Users\HP\.m2\repository\org\junit\platform\junit-platform-commons\1.10.2\junit-platform-commons-1.10.2.jar;C:\Users\HP\.m2\repository\org\apiguardian\apiguardian-api\1.1.2\apiguardian-api-1.1.2.jar;C:\Users\HP\.m2\repository\org\junit\jupiter\junit-jupiter-params\5.10.2\junit-jupiter-params-5.10.2.jar;C:\Users\HP\.m2\repository\org\junit\jupiter\junit-jupiter-engine\5.10.2\junit-jupiter-engine-5.10.2.jar;C:\Users\HP\.m2\repository\org\junit\platform\junit-platform-engine\1.10.2\junit-platform-engine-1.10.2.jar;"/>
    <property name="java.vm.vendor" value="Oracle Corporation"/>
    <property name="sun.arch.data.model" value="64"/>
    <property name="user.variant" value=""/>
    <property name="java.vendor.url" value="https://java.oracle.com/"/>
    <property name="user.timezone" value="Asia/Calcutta"/>
    <property name="os.name" value="Windows 11"/>
    <property name="java.vm.specification.version" value="25"/>
    <property name="sun.java.launcher" value="SUN_STANDARD"/>
    <property name="user.country" value="IN"/>
    <property name="sun.boot.library.path" value="C:\Program Files\Java\jdk-25\bin"/>
    <property name="sun.java.command" value="C:\Users\HP\AppData\Local\Temp\surefire16212072337044394089\surefirebooter-20251001171155722_3.jar C:\Users\HP\AppData\Local\Temp\surefire16212072337044394089 2025-10-01T17-11-55_524-jvmRun1 surefire-20251001171155722_1tmp surefire_0-20251001171155722_2tmp"/>
    <property name="jdk.debug" value="release"/>
    <property name="surefire.test.class.path" value="C:\Users\HP\wagmi-ds01-assignment-01\target\test-classes;C:\Users\HP\wagmi-ds01-assignment-01\target\classes;C:\Users\HP\.m2\repository\org\junit\jupiter\junit-jupiter\5.10.2\junit-jupiter-5.10.2.jar;C:\Users\HP\.m2\repository\org\junit\jupiter\junit-jupiter-api\5.10.2\junit-jupiter-api-5.10.2.jar;C:\Users\HP\.m2\repository\org\opentest4j\opentest4j\1.3.0\opentest4j-1.3.0.jar;C:\Users\HP\.m2\repository\org\junit\platform\junit-platform-commons\1.10.2\junit-platform-commons-1.10.2.jar;C:\Users\HP\.m2\repository\org\apiguardian\apiguardian-api\1.1.2\apiguardian-api-1.1.2.jar;C:\Users\HP\.m2\repository\org\junit\jupiter\junit-jupiter-params\5.10.2\junit-jupiter-params-5.10.2.jar;C:\Users\HP\.m2\repository\org\junit\jupiter\junit-jupiter-engine\5.10.2\junit-jupiter-engine-5.10.2.jar;C:\Users\HP\.m2\repository\org\junit\platform\junit-platform-engine\1.10.2\junit-platform-engine-1.10.2.jar;"/>
    <property name="sun.cpu.endian" value="little"/>
    <property name="user.home" value="C:\Users\HP"/>
    <property name="user.language" value="en"/>
    <property name="java.specification.vendor" value="Oracle Corporation"/>
    <property name="surefire.useFile" value="true"/>
    <property name="java.version.date" value="2025-09-16"/>
    <property name="java.home" value="C:\Program Files\Java\jdk-25"/>
    <property name="file.separator" value="\"/>
    <property name="basedir" value="C:\Users\HP\wagmi-ds01-assignment-01"/>
    <property name="java.vm.compressedOopsMode" value="32-bit"/>
    <property name="line.separator" value="&#10;"/>
    <property name="java.vm.specification.vendor" value="Oracle Corporation"/>
    <property name="java.specification.name" value="Java Platform API Specification"/>
    <property name="surefire.real.class.path" value="C:\Users\HP\AppData\Local\Temp\surefire16212072337044394089\surefirebooter-20251001171155722_3.jar"/>
    <property name="user.script" value=""/>
    <property name="sun.management.compiler" value="HotSpot 64-Bit Tiered Compilers"/>
    <property name="java.runtime.version" value="25+37-LTS-3491"/>
    <property name="user.name" value="HP"/>
    <property name="stdout.encoding" value="Cp1252"/>
    <property name="path.separator" value=";"/>
    <property name="os.version" value="10.0"/>
    <property name="java.runtime.name" value="Java(TM) SE Runtime Environment"/>
    <property name="file.encoding" value="UTF-8"/>
    <property name="java.vm.name" value="Java HotSpot(TM) 64-Bit Server VM"/>
    <property name="localRepository" value="C:\Users\HP\.m2\repository"/>
    <property name="java.vendor.url.bug" value="https://bugreport.java.com/bugreport/"/>
    <property name="java.io.tmpdir" value="C:\Users\HP\AppData\Local\Temp\"/>
    <property name="java.version" value="25"/>
    <property name="user.dir" value="C:\Users\HP\wagmi-ds01-assignment-01"/>
    <property name="os.arch" value="amd64"/>
    <property name="java.vm.specification.name" value="Java Virtual Machine Specification"/>
    <property name="sun.os.patch.level" value=""/>
    <property name="native.encoding" value="Cp1252"/>
    <property name="trimStackTrace" value="true"/>
    <property name="java.library.path" value="C:\Program Files\Java\jdk-25\bin;C:\WINDOWS\Sun\Java\bin;C:\WINDOWS\system32;C:\WINDOWS;C:\Users\HP\bin;C:\Program Files\Git\mingw64\bin;C:\Program Files\Git\usr\local\bin;C:\Program Files\Git\usr\bin;C:\Program Files\Git\usr\bin;C:\Program Files\Git\mingw64\bin;C:\Program Files\Git\usr\bin;C:\Users\HP\bin;C:\Program Files\Common Files\Oracle\Java\javapath;C:\WINDOWS\system32;C:\WINDOWS;C:\WINDOWS\System32\Wbem;C:\WINDOWS\System32\WindowsPowerShell\v1.0;C:\WINDOWS\System32\OpenSSH;C:\Program Files\Git\cmd;C:\Users\HP\AppData\Local\Microsoft\WindowsApps;C:\Users\HP\AppData\Local\Programs\Microsoft VS Code\bin;C:\Users\HP\AppData\Local\GitHubDesktop\bin;C:\Users\HP\maven-mvnd-1.0.3-windows-amd64\mvn\bin;C:\Program Files\Git\usr\bin\vendor_perl;C:\Program Files\Git\usr\bin\core_perl;."/>
    <property name="java.vm.info" value="mixed mode, sharing"/>
    <property name="stderr.encoding" value="Cp1252"/>
    <property name="java.vendor" value="Oracle Corporation"/>
    <property name="java.vm.version" value="25+37-LTS-3491"/>
    <property name="stdin.encoding" value="Cp1252"/>
    <property name="sun.io.unicode.encoding" value="UnicodeLittle"/>
    <property name="java.class.version" value="69.0"/>
  </properties>
  <testcase name="reverse_inverts_order" classname="test.java.com.wagmi.finance.ds.DoublyLinkedTransactionsTest" time="0.004">
    <error message="Not implemented" type="java.lang.UnsupportedOperationException"><![CDATA[java.lang.UnsupportedOperationException: Not implemented
	at test.java.com.wagmi.finance.ds.DoublyLinkedTransactionsTest.reverse_inverts_order(DoublyLinkedTransactionsTest.java:59)
]]></error>
  </testcase>
  <testcase name="add_increases_size_and_toArray_contains_items_in_order" classname="test.java.com.wagmi.finance.ds.DoublyLinkedTransactionsTest" time="0.003">
    <error message="Not implemented" type="java.lang.UnsupportedOperationException"><![CDATA[java.lang.UnsupportedOperationException: Not implemented
	at test.java.com.wagmi.finance.ds.DoublyLinkedTransactionsTest.add_increases_size_and_toArray_contains_items_in_order(DoublyLinkedTransactionsTest.java:28)
]]></error>
  </testcase>
  <testcase name="deleteById_removes_node_and_updates_size" classname="test.java.com.wagmi.finance.ds.DoublyLinkedTransactionsTest" time="0.004">
    <error message="Not implemented" type="java.lang.UnsupportedOperationException"><![CDATA[java.lang.UnsupportedOperationException: Not implemented
	at test.java.com.wagmi.finance.ds.DoublyLinkedTransactionsTest.deleteById_removes_node_and_updates_size(DoublyLinkedTransactionsTest.java:38)
]]></error>
  </testcase>
  <testcase name="add_multiple_elements_maintains_order" classname="test.java.com.wagmi.finance.ds.DoublyLinkedTransactionsTest" time="0.004">
    <error message="Not implemented" type="java.lang.UnsupportedOperationException"><![CDATA[java.lang.UnsupportedOperationException: Not implemented
	at test.java.com.wagmi.finance.ds.DoublyLinkedTransactionsTest.add_multiple_elements_maintains_order(DoublyLinkedTransactionsTest.java:172)
]]></error>
  </testcase>
  <testcase name="deleteById_with_null_id_returns_false" classname="test.java.com.wagmi.finance.ds.DoublyLinkedTransactionsTest" time="0.006">
    <error message="Not implemented" type="java.lang.UnsupportedOperationException"><![CDATA[java.lang.UnsupportedOperationException: Not implemented
	at test.java.com.wagmi.finance.ds.DoublyLinkedTransactionsTest.deleteById_with_null_id_returns_false(DoublyLinkedTransactionsTest.java:157)
]]></error>
  </testcase>
  <testcase name="toArray_on_empty_returns_empty_array" classname="test.java.com.wagmi.finance.ds.DoublyLinkedTransactionsTest" time="0.002">
    <error message="Not implemented" type="java.lang.UnsupportedOperationException"><![CDATA[java.lang.UnsupportedOperationException: Not implemented
	at test.java.com.wagmi.finance.ds.DoublyLinkedTransactionsTest.toArray_on_empty_returns_empty_array(DoublyLinkedTransactionsTest.java:71)
]]></error>
  </testcase>
  <testcase name="reverse_single_element_does_nothing" classname="test.java.com.wagmi.finance.ds.DoublyLinkedTransactionsTest" time="0.001">
    <error message="Not implemented" type="java.lang.UnsupportedOperationException"><![CDATA[java.lang.UnsupportedOperationException: Not implemented
	at test.java.com.wagmi.finance.ds.DoublyLinkedTransactionsTest.reverse_single_element_does_nothing(DoublyLinkedTransactionsTest.java:129)
]]></error>
  </testcase>
  <testcase name="deleteById_from_head_of_list" classname="test.java.com.wagmi.finance.ds.DoublyLinkedTransactionsTest" time="0.001">
    <error message="Not implemented" type="java.lang.UnsupportedOperationException"><![CDATA[java.lang.UnsupportedOperationException: Not implemented
	at test.java.com.wagmi.finance.ds.DoublyLinkedTransactionsTest.deleteById_from_head_of_list(DoublyLinkedTransactionsTest.java:97)
]]></error>
  </testcase>
  <testcase name="findById_with_null_id_returns_null" classname="test.java.com.wagmi.finance.ds.DoublyLinkedTransactionsTest" time="0.003">
    <error message="Not implemented" type="java.lang.UnsupportedOperationException"><![CDATA[java.lang.UnsupportedOperationException: Not implemented
	at test.java.com.wagmi.finance.ds.DoublyLinkedTransactionsTest.findById_with_null_id_returns_null(DoublyLinkedTransactionsTest.java:151)
]]></error>
  </testcase>
  <testcase name="deleteById_from_tail_of_list" classname="test.java.com.wagmi.finance.ds.DoublyLinkedTransactionsTest" time="0.001">
    <error message="Not implemented" type="java.lang.UnsupportedOperationException"><![CDATA[java.lang.UnsupportedOperationException: Not implemented
	at test.java.com.wagmi.finance.ds.DoublyLinkedTransactionsTest.deleteById_from_tail_of_list(DoublyLinkedTransactionsTest.java:109)
]]></error>
  </testcase>
  <testcase name="reverse_empty_list_does_nothing" classname="test.java.com.wagmi.finance.ds.DoublyLinkedTransactionsTest" time="0.001">
    <error message="Not implemented" type="java.lang.UnsupportedOperationException"><![CDATA[java.lang.UnsupportedOperationException: Not implemented
	at test.java.com.wagmi.finance.ds.DoublyLinkedTransactionsTest.reverse_empty_list_does_nothing(DoublyLinkedTransactionsTest.java:121)
]]></error>
  </testcase>
  <testcase name="deleteById_from_single_element_list" classname="test.java.com.wagmi.finance.ds.DoublyLinkedTransactionsTest" time="0.002">
    <error message="Not implemented" type="java.lang.UnsupportedOperationException"><![CDATA[java.lang.UnsupportedOperationException: Not implemented
	at test.java.com.wagmi.finance.ds.DoublyLinkedTransactionsTest.deleteById_from_single_element_list(DoublyLinkedTransactionsTest.java:89)
]]></error>
  </testcase>
  <testcase name="add_single_element_works_correctly" classname="test.java.com.wagmi.finance.ds.DoublyLinkedTransactionsTest" time="0.002">
    <error message="Not implemented" type="java.lang.UnsupportedOperationException"><![CDATA[java.lang.UnsupportedOperationException: Not implemented
	at test.java.com.wagmi.finance.ds.DoublyLinkedTransactionsTest.add_single_element_works_correctly(DoublyLinkedTransactionsTest.java:79)
]]></error>
  </testcase>
  <testcase name="findById_returns_correct_transaction_or_null" classname="test.java.com.wagmi.finance.ds.DoublyLinkedTransactionsTest" time="0.001">
    <error message="Not implemented" type="java.lang.UnsupportedOperationException"><![CDATA[java.lang.UnsupportedOperationException: Not implemented
	at test.java.com.wagmi.finance.ds.DoublyLinkedTransactionsTest.findById_returns_correct_transaction_or_null(DoublyLinkedTransactionsTest.java:51)
]]></error>
  </testcase>
  <testcase name="reverse_twice_returns_to_original_order" classname="test.java.com.wagmi.finance.ds.DoublyLinkedTransactionsTest" time="0.001">
    <error message="Not implemented" type="java.lang.UnsupportedOperationException"><![CDATA[java.lang.UnsupportedOperationException: Not implemented
	at test.java.com.wagmi.finance.ds.DoublyLinkedTransactionsTest.reverse_twice_returns_to_original_order(DoublyLinkedTransactionsTest.java:138)
]]></error>
  </testcase>
</testsuite>