-------------------------------------------------------------------------------
Test set: test.java.com.wagmi.finance.integration.FinanceSystemIntegrationTest
-------------------------------------------------------------------------------
Tests run: 7, Failures: 0, Errors: 7, Skipped: 0, Time elapsed: 0.030 s <<< FAILURE! -- in test.java.com.wagmi.finance.integration.FinanceSystemIntegrationTest
test.java.com.wagmi.finance.integration.FinanceSystemIntegrationTest.string_validation_integration -- Time elapsed: 0.004 s <<< ERROR!
java.lang.UnsupportedOperationException: Not implemented
	at test.java.com.wagmi.finance.integration.FinanceSystemIntegrationTest.string_validation_integration(FinanceSystemIntegrationTest.java:143)

test.java.com.wagmi.finance.integration.FinanceSystemIntegrationTest.performance_with_large_dataset -- Time elapsed: 0.001 s <<< ERROR!
java.lang.UnsupportedOperationException: Not implemented
	at test.java.com.wagmi.finance.integration.FinanceSystemIntegrationTest.performance_with_large_dataset(FinanceSystemIntegrationTest.java:177)

test.java.com.wagmi.finance.integration.FinanceSystemIntegrationTest.transaction_deletion_with_undo -- Time elapsed: 0.002 s <<< ERROR!
java.lang.UnsupportedOperationException: Not implemented
	at test.java.com.wagmi.finance.integration.FinanceSystemIntegrationTest.transaction_deletion_with_undo(FinanceSystemIntegrationTest.java:68)

test.java.com.wagmi.finance.integration.FinanceSystemIntegrationTest.error_handling_integration -- Time elapsed: 0.002 s <<< ERROR!
java.lang.UnsupportedOperationException: Not implemented
	at test.java.com.wagmi.finance.integration.FinanceSystemIntegrationTest.error_handling_integration(FinanceSystemIntegrationTest.java:158)

test.java.com.wagmi.finance.integration.FinanceSystemIntegrationTest.budget_limit_enforcement -- Time elapsed: 0.005 s <<< ERROR!
java.lang.UnsupportedOperationException: Not implemented
	at test.java.com.wagmi.finance.integration.FinanceSystemIntegrationTest.budget_limit_enforcement(FinanceSystemIntegrationTest.java:97)

test.java.com.wagmi.finance.integration.FinanceSystemIntegrationTest.recursive_analysis_integration -- Time elapsed: 0.001 s <<< ERROR!
java.lang.UnsupportedOperationException: Not implemented
	at test.java.com.wagmi.finance.integration.FinanceSystemIntegrationTest.recursive_analysis_integration(FinanceSystemIntegrationTest.java:125)

test.java.com.wagmi.finance.integration.FinanceSystemIntegrationTest.complete_transaction_workflow -- Time elapsed: 0.002 s <<< ERROR!
java.lang.UnsupportedOperationException: Not implemented
	at test.java.com.wagmi.finance.integration.FinanceSystemIntegrationTest.complete_transaction_workflow(FinanceSystemIntegrationTest.java:40)

